============================================================
  Generated by:           Genus(TM) Synthesis Solution 19.12-s121_1
  Generated on:           May 14 2023  03:31:23 pm
  Module:                 mv_lp_top
  Technology libraries:   saed32hvt_ss0p75vn40c 1.0000000
                          saed32hvt_dlvl_ss0p75vn40c_i0p95v 1.0000000
                          saed32hvt_ulvl_ss0p75vn40c_i0p75v 1.0000000
                          saed32hvt_dlvl_ss0p75vn40c_i0p75v 1.0000000
                          saed32hvt_ss0p95vn40c 1.0000000
                          saed32hvt_ulvl_ss0p95vn40c_i0p75v 1.0000000
                          saed32rvt_ss0p75vn40c 1.0000000
                          saed32rvt_dlvl_ss0p75vn40c_i0p95v 1.0000000
                          saed32rvt_ulvl_ss0p75vn40c_i0p75v 1.0000000
                          saed32rvt_dlvl_ss0p75vn40c_i0p75v 1.0000000
                          saed32rvt_ss0p95vn40c 1.0000000
                          saed32rvt_ulvl_ss0p95vn40c_i0p75v 1.0000000
                          saed32lvt_ss0p75vn40c 1.0000000
                          saed32lvt_dlvl_ss0p75vn40c_i0p95v 1.0000000
                          saed32lvt_ulvl_ss0p75vn40c_i0p75v 1.0000000
                          saed32lvt_dlvl_ss0p75vn40c_i0p75v 1.0000000
                          saed32lvt_ss0p95vn40c 1.0000000
                          saed32lvt_ulvl_ss0p95vn40c_i0p75v 1.0000000
                          saed32sram_ss0p95vn40c 1.0000000
  Operating conditions:   _nominal_ (balanced_tree)
  Wireload mode:          enclosed
  Area mode:              timing library
============================================================

Timing
--------

 Clock  Period 
---------------
upf_clk  800.0 


  Cost    Critical         Violating 
 Group   Path Slack  TNS     Paths   
-------------------------------------
default    No paths   0.0            
in2out         26.1   0.0          0 
in2reg         28.5   0.0          0 
reg2out       252.5   0.0          0 
upf_clk        97.4   0.0          0 
-------------------------------------
Total                 0.0          0 

Instance Count
--------------
Leaf Instance Count             84 
Physical Instance count          0 
Sequential Instance Count       32 
Combinational Instance Count    52 
Hierarchical Instance Count      4 

Area
----
Cell Area                          365.713
Physical Cell Area                 0.000
Total Cell Area (Cell+Physical)    365.713
Net Area                           0.000
Total Area (Cell+Physical+Net)     365.713

Max Fanout                         32 (upf_clk)
Min Fanout                         0 (modB_inst/n_6)
Average Fanout                     2.0
Terms to net ratio                 3.0472
Terms to instance ratio            3.8452
Runtime                            35.047176 seconds
Elapsed Runtime                    133 seconds
Genus peak memory usage            1773.71 
Innovus peak memory usage          no_value 
Hostname                           mo.ece.pdx.edu
