============================================================
  Generated by:           Genus(TM) Synthesis Solution 19.12-s121_1
  Generated on:           May 14 2023  03:31:24 pm
  Module:                 mv_lp_top
  Operating conditions:   _nominal_ (balanced_tree)
  Wireload mode:          enclosed
  Area mode:              timing library
============================================================

-------------------------------------------------------------------------------
Outputs without clocked external delays

The following primary outputs have no clocked external delays.  As a result the 
timing paths leading to the ports have no timing constraints derived from clock 
waveforms.  The'external_delay' command is used to create new external delays.  

port:mv_lp_top/iso_en
port:mv_lp_top/sleep_moda
port:mv_lp_top/sleep_modb
port:mv_lp_top/sleep_modc
port:mv_lp_top/sleep_modd
-------------------------------------------------------------------------------

-------------------------------------------------------------------------------
Inputs without external driver/transition

The following primary inputs have no external driver or input transition set.   
As a result the transition on the ports will be assumed as zero. The            
'external_driver' attribute is used to add and external driver or the           
'fixed_slew' attribute to add an external transition.                           

port:mv_lp_top/A
port:mv_lp_top/B
port:mv_lp_top/C
port:mv_lp_top/D
port:mv_lp_top/E
-------------------------------------------------------------------------------

-------------------------------------------------------------------------------
Outputs without external load

The following primary outputs have no external load set. As a result the load   
on the ports will be assumed as zero. The 'external_pin_cap' attribute is used  
to add and external pin cap.                                                    

port:mv_lp_top/W
port:mv_lp_top/X
port:mv_lp_top/Y
port:mv_lp_top/Z
port:mv_lp_top/iso_en
port:mv_lp_top/sleep_moda
port:mv_lp_top/sleep_modb
port:mv_lp_top/sleep_modc
port:mv_lp_top/sleep_modd
-------------------------------------------------------------------------------


Lint summary
 Unconnected/logic driven clocks                                  0
 Sequential data pins driven by a clock signal                    0
 Sequential clock pins without clock waveform                     0
 Sequential clock pins with multiple clock waveforms              0
 Generated clocks without clock waveform                          0
 Generated clocks with incompatible options                       0
 Generated clocks with multi-master clock                         0
 Paths constrained with different clocks                          0
 Loop-breaking cells for combinational feedback                   0
 Nets with multiple drivers                                       0
 Timing exceptions with no effect                                 0
 Suspicious multi_cycle exceptions                                0
 Pins/ports with conflicting case constants                       0
 Inputs without clocked external delays                           0
 Outputs without clocked external delays                          5
 Inputs without external driver/transition                        5
 Outputs without external load                                    9
 Exceptions with invalid timing start-/endpoints                  0

                                                  Total:         19

